#
# There is insufficient memory for the Java Runtime Environment to continue.
# Native memory allocation (mmap) failed to map 132120576 bytes for Failed to commit area from 0x0000000082000000 to 0x0000000089e00000 of length 132120576.
# Possible reasons:
#   The system is out of physical RAM or swap space
#   The process is running with CompressedOops enabled, and the Java Heap may be blocking the growth of the native heap
# Possible solutions:
#   Reduce memory load on the system
#   Increase physical memory or swap space
#   Check if swap backing store is full
#   Decrease Java heap size (-Xmx/-Xms)
#   Decrease number of Java threads
#   Decrease Java thread stack sizes (-Xss)
#   Set larger code cache with -XX:ReservedCodeCacheSize=
# This output file may be truncated or incomplete.
#
#  Out of Memory Error (./src/hotspot/os/windows/os_windows.cpp:3301), pid=4100, tid=7980
#
# JRE version:  (11.0.11+9) (build )
# Java VM: OpenJDK 64-Bit Server VM (11.0.11+9-b60-7590822, mixed mode, sharing, tiered, compressed oops, g1 gc, windows-amd64)
# No core dump will be written. Minidumps are not enabled by default on client versions of Windows
#

---------------  S U M M A R Y ------------

Command Line: org.jetbrains.kotlin.cli.jvm.K2JVMCompiler @E:\GhiChu\app\build\20220422_7314965488185668044.compiler.options

Host: Intel(R) Core(TM) i5-8250U CPU @ 1.60GHz, 8 cores, 7G,  Windows 10 , 64 bit Build 19041 (10.0.19041.1645)
Time: Fri Apr 22 15:46:39 2022 SE Asia Standard Time elapsed time: 0.018293 seconds (0d 0h 0m 0s)

---------------  T H R E A D  ---------------

Current thread (0x000001b90f588800):  JavaThread "Unknown thread" [_thread_in_vm, id=7980, stack(0x0000006be8f00000,0x0000006be9000000)]

Stack: [0x0000006be8f00000,0x0000006be9000000]
Native frames: (J=compiled Java code, j=interpreted, Vv=VM code, C=native code)
V  [jvm.dll+0x5f214a]
V  [jvm.dll+0x726fb5]
V  [jvm.dll+0x7285cd]
V  [jvm.dll+0x728c83]
V  [jvm.dll+0x243278]
V  [jvm.dll+0x5ef544]
V  [jvm.dll+0x5e4495]
V  [jvm.dll+0x2fec5b]
V  [jvm.dll+0x2febca]
V  [jvm.dll+0x2feaa2]
V  [jvm.dll+0x303986]
V  [jvm.dll+0x34c3a3]
V  [jvm.dll+0x34caa6]
V  [jvm.dll+0x34c4a3]
V  [jvm.dll+0x2d9688]
V  [jvm.dll+0x2da837]
V  [jvm.dll+0x705ba7]
V  [jvm.dll+0x70739c]
V  [jvm.dll+0x3598f9]
V  [jvm.dll+0x6e931e]
V  [jvm.dll+0x3c1c43]
V  [jvm.dll+0x3c3e81]
C  [jli.dll+0x5373]
C  [ucrtbase.dll+0x21bb2]
C  [KERNEL32.DLL+0x17034]
C  [ntdll.dll+0x52651]


---------------  P R O C E S S  ---------------

Threads class SMR info:
_java_thread_list=0x000001b90dc034c0, length=0, elements={
}

Java Threads: ( => current thread )

Other Threads:
  0x000001b90f5a0000 GCTaskThread "GC Thread#0" [stack: 0x0000006be9000000,0x0000006be9100000] [id=18156]
  0x000001b90f5cf800 ConcurrentGCThread "G1 Main Marker" [stack: 0x0000006be9100000,0x0000006be9200000] [id=5668]
  0x000001b90f5d2800 ConcurrentGCThread "G1 Conc#0" [stack: 0x0000006be9200000,0x0000006be9300000] [id=4180]

[error occurred during error reporting (printing all threads), id 0xc0000005, EXCEPTION_ACCESS_VIOLATION (0xc0000005) at pc=0x00007ff9b8079c47]

VM state:not at safepoint (not fully initialized)

VM Mutex/Monitor currently owned by a thread:  ([mutex/lock_event])
[0x000001b90f585a50] Heap_lock - owner thread: 0x000001b90f588800

Heap address: 0x0000000082000000, size: 2016 MB, Compressed Oops mode: Non-zero based: 0x0000000082000000
Narrow klass base: 0x0000000000000000, Narrow klass shift: 0

GC Heap History (0 events):
No events

Deoptimization events (0 events):
No events

Classes redefined (0 events):
No events

Internal exceptions (0 events):
No events

Events (1 events):
Event: 0.010 Loaded shared library C:\Program Files\Android\Android Studio\jre\bin\zip.dll


Dynamic libraries:
0x00007ff637740000 - 0x00007ff63774a000 	C:\Program Files\Android\Android Studio\jre\bin\java.exe
0x00007ffa149d0000 - 0x00007ffa14bc5000 	C:\WINDOWS\SYSTEM32\ntdll.dll
0x00007ffa140f0000 - 0x00007ffa141ae000 	C:\WINDOWS\System32\KERNEL32.DLL
0x00007ffa12330000 - 0x00007ffa125f8000 	C:\WINDOWS\System32\KERNELBASE.dll
0x00007ffa127d0000 - 0x00007ffa128d0000 	C:\WINDOWS\System32\ucrtbase.dll
0x00007ff9e5b90000 - 0x00007ff9e5ba9000 	C:\Program Files\Android\Android Studio\jre\bin\jli.dll
0x00007ff9e9e10000 - 0x00007ff9e9e27000 	C:\Program Files\Android\Android Studio\jre\bin\VCRUNTIME140.dll
0x00007ffa12e20000 - 0x00007ffa12fc0000 	C:\WINDOWS\System32\USER32.dll
0x00007ffa010a0000 - 0x00007ffa0133a000 	C:\WINDOWS\WinSxS\amd64_microsoft.windows.common-controls_6595b64144ccf1df_6.0.19041.1110_none_60b5254171f9507e\COMCTL32.dll
0x00007ffa12a00000 - 0x00007ffa12a22000 	C:\WINDOWS\System32\win32u.dll
0x00007ffa14250000 - 0x00007ffa142ee000 	C:\WINDOWS\System32\msvcrt.dll
0x00007ffa12fc0000 - 0x00007ffa12fea000 	C:\WINDOWS\System32\GDI32.dll
0x00007ffa12220000 - 0x00007ffa1232b000 	C:\WINDOWS\System32\gdi32full.dll
0x00007ffa12180000 - 0x00007ffa1221d000 	C:\WINDOWS\System32\msvcp_win.dll
0x00007ffa12df0000 - 0x00007ffa12e20000 	C:\WINDOWS\System32\IMM32.DLL
0x00007ff9d9a00000 - 0x00007ff9d9a9d000 	C:\Program Files\Android\Android Studio\jre\bin\msvcp140.dll
0x00007ff9b7d90000 - 0x00007ff9b8865000 	C:\Program Files\Android\Android Studio\jre\bin\server\jvm.dll
0x00007ffa14780000 - 0x00007ffa1482e000 	C:\WINDOWS\System32\ADVAPI32.dll
0x00007ffa141b0000 - 0x00007ffa1424c000 	C:\WINDOWS\System32\sechost.dll
0x00007ffa142f0000 - 0x00007ffa14415000 	C:\WINDOWS\System32\RPCRT4.dll
0x00007ffa13100000 - 0x00007ffa13108000 	C:\WINDOWS\System32\PSAPI.DLL
0x00007ff9fe510000 - 0x00007ff9fe519000 	C:\WINDOWS\SYSTEM32\WSOCK32.dll
0x00007ffa0a830000 - 0x00007ffa0a83a000 	C:\WINDOWS\SYSTEM32\VERSION.dll
0x00007ffa14830000 - 0x00007ffa1489b000 	C:\WINDOWS\System32\WS2_32.dll
0x00007ffa00370000 - 0x00007ffa00397000 	C:\WINDOWS\SYSTEM32\WINMM.dll
0x00007ffa109f0000 - 0x00007ffa10a02000 	C:\WINDOWS\SYSTEM32\kernel.appcore.dll
0x00007ffa09390000 - 0x00007ffa093a1000 	C:\Program Files\Android\Android Studio\jre\bin\verify.dll
0x00007ffa0f630000 - 0x00007ffa0f814000 	C:\WINDOWS\SYSTEM32\DBGHELP.DLL
0x00007ff9fb850000 - 0x00007ff9fb87c000 	C:\WINDOWS\SYSTEM32\dbgcore.DLL
0x00007ffa120f0000 - 0x00007ffa12172000 	C:\WINDOWS\System32\bcryptPrimitives.dll
0x00007ff9ff8d0000 - 0x00007ff9ff8f9000 	C:\Program Files\Android\Android Studio\jre\bin\java.dll
0x00007ffa0a100000 - 0x00007ffa0a10b000 	C:\Program Files\Android\Android Studio\jre\bin\jimage.dll
0x00007ff9ff8b0000 - 0x00007ff9ff8c8000 	C:\Program Files\Android\Android Studio\jre\bin\zip.dll

dbghelp: loaded successfully - version: 4.0.5 - missing functions: none
symbol engine: initialized successfully - sym options: 0x614 - pdb path: .;C:\Program Files\Android\Android Studio\jre\bin;C:\WINDOWS\SYSTEM32;C:\WINDOWS\WinSxS\amd64_microsoft.windows.common-controls_6595b64144ccf1df_6.0.19041.1110_none_60b5254171f9507e;C:\Program Files\Android\Android Studio\jre\bin\server

VM Arguments:
java_command: org.jetbrains.kotlin.cli.jvm.K2JVMCompiler @E:\GhiChu\app\build\20220422_7314965488185668044.compiler.options
java_class_path (initial): C:\Users\thang\.gradle\caches\modules-2\files-2.1\org.jetbrains.kotlin\kotlin-compiler-embeddable\1.6.20\18f66cca4301c12893ebe4ef47d65c3d9d2bff9b\kotlin-compiler-embeddable-1.6.20.jar;C:\Users\thang\.gradle\caches\modules-2\files-2.1\org.jetbrains.kotlin\kotlin-reflect\1.6.20\669965154723f1a712e8677af0cc5470dfdab81c\kotlin-reflect-1.6.20.jar;C:\Users\thang\.gradle\caches\modules-2\files-2.1\org.jetbrains.kotlin\kotlin-stdlib\1.6.20\6cedc143badbb4f1c6b7f5a340b04edff1743208\kotlin-stdlib-1.6.20.jar;C:\Users\thang\.gradle\caches\modules-2\files-2.1\org.jetbrains.kotlin\kotlin-script-runtime\1.6.20\a115c367e0fd9c8909293b208689afca0c88a6f1\kotlin-script-runtime-1.6.20.jar;C:\Users\thang\.gradle\caches\modules-2\files-2.1\org.jetbrains.kotlin\kotlin-daemon-embeddable\1.6.20\d4cac343029f48f106c57f457384771165d7deb5\kotlin-daemon-embeddable-1.6.20.jar;C:\Users\thang\.gradle\caches\modules-2\files-2.1\org.jetbrains.intellij.deps\trove4j\1.0.20200330\3afb14d5f9ceb459d724e907a21145e8ff394f02\trove4j-1.0.20200330.jar;C:\Users\thang\.gradle\caches\modules-2\files-2.1\net.java.dev.jna\jna\5.6.0\330f2244e9030119ab3030fc3fededc86713d9cc\jna-5.6.0.jar;C:\Users\thang\.gradle\caches\modules-2\files-2.1\org.jetbrains.kotlin\kotlin-stdlib-common\1.6.20\27b4562b6713d70f458c6d7ea39aadacb8e6a92b\kotlin-stdlib-common-1.6.20.jar;C:\Users\thang\.gradle\caches\modules-2\files-2.1\org.jetbrains\annotations\13.0\919f0dfe192fb4e063e7dacadee7f8bb9a2672a9\annotations-13.0.jar
Launcher Type: SUN_STANDARD

[Global flags]
     intx CICompilerCount                          = 4                                         {product} {ergonomic}
     uint ConcGCThreads                            = 2                                         {product} {ergonomic}
     uint G1ConcRefinementThreads                  = 8                                         {product} {ergonomic}
   size_t G1HeapRegionSize                         = 1048576                                   {product} {ergonomic}
    uintx GCDrainStackTargetSize                   = 64                                        {product} {ergonomic}
   size_t InitialHeapSize                          = 132120576                                 {product} {ergonomic}
   size_t MarkStackSize                            = 4194304                                   {product} {ergonomic}
   size_t MaxHeapSize                              = 2113929216                                {product} {ergonomic}
   size_t MinHeapDeltaBytes                        = 1048576                                   {product} {ergonomic}
    uintx NonNMethodCodeHeapSize                   = 5836300                                {pd product} {ergonomic}
    uintx NonProfiledCodeHeapSize                  = 122910970                              {pd product} {ergonomic}
    uintx ProfiledCodeHeapSize                     = 122910970                              {pd product} {ergonomic}
    uintx ReservedCodeCacheSize                    = 251658240                              {pd product} {ergonomic}
     bool SegmentedCodeCache                       = true                                      {product} {ergonomic}
     bool UseCompressedClassPointers               = true                                 {lp64_product} {ergonomic}
     bool UseCompressedOops                        = true                                 {lp64_product} {ergonomic}
     bool UseG1GC                                  = true                                      {product} {ergonomic}
     bool UseLargePagesIndividualAllocation        = false                                  {pd product} {ergonomic}

Logging:
Log output configuration:
 #0: stdout all=warning uptime,level,tags
 #1: stderr all=off uptime,level,tags

Environment Variables:
JAVA_HOME=C:\Program Files\Java\jdk-17.0.2
PATH=C:\Program Files\Common Files\Oracle\Java\javapath;C:\WINDOWS\system32;C:\WINDOWS;C:\WINDOWS\System32\Wbem;C:\WINDOWS\System32\WindowsPowerShell\v1.0\;C:\WINDOWS\System32\OpenSSH\;C:\Program Files\Java\jdk-17.0.2\bin;C:\Program Files\TortoiseGit\bin;C:\Program Files\Git\cmd;C:\Program Files\dotnet\;C:\Program Files\Microsoft SQL Server\Client SDK\ODBC\170\Tools\Binn\;C:\Program Files\Azure Data Studio\bin;C:\Program Files\nodejs\;C:\Program Files (x86)\Microsoft SQL Server\150\Tools\Binn\;C:\Program Files\Microsoft SQL Server\150\Tools\Binn\;C:\Program Files\Microsoft SQL Server\150\DTS\Binn\;C:\Program Files (x86)\Microsoft SQL Server\150\DTS\Binn\;C:\Users\thang\AppData\Local\Microsoft\WindowsApps;C:\Users\thang\AppData\Local\Programs\Microsoft VS Code\bin;C:\Users\thang\.dotnet\tools;C:\Program Files\Azure Data Studio\bin;C:\Program Files\nodejs\;C:\Users\thang\AppData\Roaming\npm;C:\xampp\php;
USERNAME=thang
OS=Windows_NT
PROCESSOR_IDENTIFIER=Intel64 Family 6 Model 142 Stepping 10, GenuineIntel



---------------  S Y S T E M  ---------------

OS: Windows 10 , 64 bit Build 19041 (10.0.19041.1645)
OS uptime: 4 days 3:37 hours

CPU:total 8 (initial active 8) (4 cores per cpu, 2 threads per core) family 6 model 142 stepping 10 microcode 0xca, cmov, cx8, fxsr, mmx, sse, sse2, sse3, ssse3, sse4.1, sse4.2, popcnt, avx, avx2, aes, clmul, erms, 3dnowpref, lzcnt, ht, tsc, tscinvbit, bmi1, bmi2, adx, fma

Memory: 4k page, system-wide physical 8056M (406M free)
TotalPageFile size 22229M (AvailPageFile size 99M)
current process WorkingSet (physical memory assigned to process): 9M, peak: 9M
current process commit charge ("private bytes"): 59M, peak: 185M

vm_info: OpenJDK 64-Bit Server VM (11.0.11+9-b60-7590822) for windows-amd64 JRE (11.0.11+9-b60-7590822), built on Jul 29 2021 21:43:44 by "builder" with MS VC++ 14.0 (VS2015)

END.
